<?xml version="1.0" encoding="UTF-8"?>
<robot generator="Robot 7.4.1 (Python 3.9.6 on darwin)" generated="2026-02-21T10:17:23.162375" rpa="false" schemaversion="5">
<suite id="s1" name="Webpage Testcases" source="/Users/joshdenzelng/Documents/Github Files/qa_robotframework/webpage_testcases.robot">
<test id="s1-t1" name="Valid Login" line="6">
<kw name="Open browser to login page" owner="loginPage">
<kw name="Open Browser" owner="SeleniumLibrary">
<msg time="2026-02-21T10:17:23.300061" level="INFO">Opening browser 'Chrome' to base url 'http://localhost:7272/'.</msg>
<arg>${LOGIN URL}</arg>
<arg>${BROWSER}</arg>
<doc>Opens a new browser instance to the optional ``url``.</doc>
<status status="PASS" start="2026-02-21T10:17:23.299908" elapsed="1.909581"/>
</kw>
<status status="PASS" start="2026-02-21T10:17:23.299351" elapsed="1.910506"/>
</kw>
<kw name="Input username" owner="loginPage">
<kw name="Input Text" owner="SeleniumLibrary">
<msg time="2026-02-21T10:17:25.211103" level="INFO">Typing text 'demo' into text field 'username_field'.</msg>
<arg>username_field</arg>
<arg>${username}</arg>
<doc>Types the given ``text`` into the text field identified by ``locator``.</doc>
<status status="PASS" start="2026-02-21T10:17:25.210754" elapsed="0.186045"/>
</kw>
<arg>demo</arg>
<status status="PASS" start="2026-02-21T10:17:25.210379" elapsed="0.186542"/>
</kw>
<kw name="Input password" owner="loginPage">
<kw name="Input Text" owner="SeleniumLibrary">
<msg time="2026-02-21T10:17:25.397547" level="INFO">Typing text 'mode' into text field 'password_field'.</msg>
<arg>password_field</arg>
<arg>${password}</arg>
<doc>Types the given ``text`` into the text field identified by ``locator``.</doc>
<status status="PASS" start="2026-02-21T10:17:25.397341" elapsed="0.044531"/>
</kw>
<arg>mode</arg>
<status status="PASS" start="2026-02-21T10:17:25.397116" elapsed="0.044852"/>
</kw>
<kw name="Submit credentials" owner="loginPage">
<kw name="Click Button" owner="SeleniumLibrary">
<msg time="2026-02-21T10:17:25.442481" level="INFO">Clicking button 'login_button'.</msg>
<arg>login_button</arg>
<doc>Clicks the button identified by ``locator``.</doc>
<status status="PASS" start="2026-02-21T10:17:25.442354" elapsed="0.068081"/>
</kw>
<status status="PASS" start="2026-02-21T10:17:25.442150" elapsed="0.068572"/>
</kw>
<kw name="Welcome page should be open" owner="loginPage">
<kw name="Location Should Be" owner="SeleniumLibrary">
<msg time="2026-02-21T10:17:25.518486" level="INFO">Current location is 'http://localhost:7272/welcome.html'.</msg>
<arg>${WELCOME URL}</arg>
<doc>Verifies that the current URL is exactly ``url``.</doc>
<status status="PASS" start="2026-02-21T10:17:25.511925" elapsed="0.006653"/>
</kw>
<kw name="Title Should Be" owner="SeleniumLibrary">
<msg time="2026-02-21T10:17:25.521987" level="INFO">Page title is 'Welcome Page'.</msg>
<arg>Welcome Page</arg>
<doc>Verifies that the current page title equals ``title``.</doc>
<status status="PASS" start="2026-02-21T10:17:25.518716" elapsed="0.003360"/>
</kw>
<status status="PASS" start="2026-02-21T10:17:25.511576" elapsed="0.010580"/>
</kw>
<kw name="Close Browser" owner="SeleniumLibrary" type="TEARDOWN">
<doc>Closes the current browser.</doc>
<status status="PASS" start="2026-02-21T10:17:25.522376" elapsed="0.074522"/>
</kw>
<status status="PASS" start="2026-02-21T10:17:23.298919" elapsed="2.298102"/>
</test>
<test id="s1-t2" name="Invalid Login" line="14">
<kw name="Open browser to login page" owner="loginPage">
<kw name="Open Browser" owner="SeleniumLibrary">
<msg time="2026-02-21T10:17:25.597936" level="INFO">Opening browser 'Chrome' to base url 'http://localhost:7272/'.</msg>
<arg>${LOGIN URL}</arg>
<arg>${BROWSER}</arg>
<doc>Opens a new browser instance to the optional ``url``.</doc>
<status status="PASS" start="2026-02-21T10:17:25.597755" elapsed="1.007750"/>
</kw>
<status status="PASS" start="2026-02-21T10:17:25.597538" elapsed="1.008501"/>
</kw>
<kw name="Input username" owner="loginPage">
<kw name="Input Text" owner="SeleniumLibrary">
<msg time="2026-02-21T10:17:26.607862" level="INFO">Typing text 'invalid_user' into text field 'username_field'.</msg>
<arg>username_field</arg>
<arg>${username}</arg>
<doc>Types the given ``text`` into the text field identified by ``locator``.</doc>
<status status="PASS" start="2026-02-21T10:17:26.607373" elapsed="0.098910"/>
</kw>
<arg>invalid_user</arg>
<status status="PASS" start="2026-02-21T10:17:26.606778" elapsed="0.099617"/>
</kw>
<kw name="Input password" owner="loginPage">
<kw name="Input Text" owner="SeleniumLibrary">
<msg time="2026-02-21T10:17:26.706959" level="INFO">Typing text 'wrong_password' into text field 'password_field'.</msg>
<arg>password_field</arg>
<arg>${password}</arg>
<doc>Types the given ``text`` into the text field identified by ``locator``.</doc>
<status status="PASS" start="2026-02-21T10:17:26.706811" elapsed="0.043630"/>
</kw>
<arg>wrong_password</arg>
<status status="PASS" start="2026-02-21T10:17:26.706588" elapsed="0.043946"/>
</kw>
<kw name="Submit credentials" owner="loginPage">
<kw name="Click Button" owner="SeleniumLibrary">
<msg time="2026-02-21T10:17:26.751058" level="INFO">Clicking button 'login_button'.</msg>
<arg>login_button</arg>
<doc>Clicks the button identified by ``locator``.</doc>
<status status="PASS" start="2026-02-21T10:17:26.750926" elapsed="0.072609"/>
</kw>
<status status="PASS" start="2026-02-21T10:17:26.750720" elapsed="0.073716"/>
</kw>
<kw name="Error Page Should Be Open" owner="loginPage">
<kw name="Location Should Be" owner="SeleniumLibrary">
<msg time="2026-02-21T10:17:26.829472" level="INFO">Current location is 'http://localhost:7272/error.html'.</msg>
<arg>${ERROR URL}</arg>
<doc>Verifies that the current URL is exactly ``url``.</doc>
<status status="PASS" start="2026-02-21T10:17:26.825005" elapsed="0.004563"/>
</kw>
<kw name="Title Should Be" owner="SeleniumLibrary">
<msg time="2026-02-21T10:17:26.832679" level="INFO">Page title is 'Error Page'.</msg>
<arg>Error Page</arg>
<doc>Verifies that the current page title equals ``title``.</doc>
<status status="PASS" start="2026-02-21T10:17:26.829712" elapsed="0.003048"/>
</kw>
<status status="PASS" start="2026-02-21T10:17:26.824776" elapsed="0.008060"/>
</kw>
<kw name="Close Browser" owner="SeleniumLibrary" type="TEARDOWN">
<doc>Closes the current browser.</doc>
<status status="PASS" start="2026-02-21T10:17:26.833048" elapsed="0.074710"/>
</kw>
<status status="PASS" start="2026-02-21T10:17:25.597258" elapsed="1.310615"/>
</test>
<doc>A test suite with a single test for valid login.</doc>
<status status="PASS" start="2026-02-21T10:17:23.163191" elapsed="3.745055"/>
</suite>
<statistics>
<total>
<stat pass="2" fail="0" skip="0">All Tests</stat>
</total>
<tag>
</tag>
<suite>
<stat name="Webpage Testcases" id="s1" pass="2" fail="0" skip="0">Webpage Testcases</stat>
</suite>
</statistics>
<errors>
</errors>
</robot>
